This is pdfTeX, Version 3.141592653-2.6-1.40.26 (MiKTeX 24.3) (preloaded format=pdflatex 2024.3.19)  7 APR 2024 15:42
entering extended mode
 restricted \write18 enabled.
 %&-line parsing enabled.
**./protocol.tex
(protocol.tex
LaTeX2e <2023-11-01> patch level 1
L3 programming layer <2024-03-14>
(C:\Users\kucem\AppData\Local\Programs\MiKTeX\tex/latex/base\article.cls
Document Class: article 2023/05/17 v1.4n Standard LaTeX document class
(C:\Users\kucem\AppData\Local\Programs\MiKTeX\tex/latex/base\size10.clo
File: size10.clo 2023/05/17 v1.4n Standard LaTeX file (size option)
)
\c@part=\count188
\c@section=\count189
\c@subsection=\count190
\c@subsubsection=\count191
\c@paragraph=\count192
\c@subparagraph=\count193
\c@figure=\count194
\c@table=\count195
\abovecaptionskip=\skip48
\belowcaptionskip=\skip49
\bibindent=\dimen140
)
(C:\Users\kucem\AppData\Local\Programs\MiKTeX\tex/latex/base\inputenc.sty
Package: inputenc 2021/02/14 v1.3d Input encoding file
\inpenc@prehook=\toks17
\inpenc@posthook=\toks18
)
(C:\Users\kucem\AppData\Local\Programs\MiKTeX\tex/latex/graphics\graphicx.sty
Package: graphicx 2021/09/16 v1.2d Enhanced LaTeX Graphics (DPC,SPQR)

(C:\Users\kucem\AppData\Local\Programs\MiKTeX\tex/latex/graphics\keyval.sty
Package: keyval 2022/05/29 v1.15 key=value parser (DPC)
\KV@toks@=\toks19
)
(C:\Users\kucem\AppData\Local\Programs\MiKTeX\tex/latex/graphics\graphics.sty
Package: graphics 2022/03/10 v1.4e Standard LaTeX Graphics (DPC,SPQR)

(C:\Users\kucem\AppData\Local\Programs\MiKTeX\tex/latex/graphics\trig.sty
Package: trig 2021/08/11 v1.11 sin cos tan (DPC)
)
(C:\Users\kucem\AppData\Local\Programs\MiKTeX\tex/latex/graphics-cfg\graphics.c
fg
File: graphics.cfg 2016/06/04 v1.11 sample graphics configuration
)
Package graphics Info: Driver file: pdftex.def on input line 107.

(C:\Users\kucem\AppData\Local\Programs\MiKTeX\tex/latex/graphics-def\pdftex.def
File: pdftex.def 2022/09/22 v1.2b Graphics/color driver for pdftex
))
\Gin@req@height=\dimen141
\Gin@req@width=\dimen142
) (C:\Users\kucem\AppData\Local\Programs\MiKTeX\tex/latex/etex-pkg\etex.sty
Package: etex 2016/08/01 v2.7 eTeX basic definition package (PEB,DPC)
\et@xins=\count196
)
(C:\Users\kucem\AppData\Local\Programs\MiKTeX\tex/latex/base\fontenc.sty
Package: fontenc 2021/04/29 v2.0v Standard LaTeX package
)
(C:\Users\kucem\AppData\Local\Programs\MiKTeX\tex/latex/listings\listings.sty
\lst@mode=\count197
\lst@gtempboxa=\box51
\lst@token=\toks20
\lst@length=\count198
\lst@currlwidth=\dimen143
\lst@column=\count199
Normal \count register pool exhausted, switching to extended pool.
\lst@pos=\count277
\lst@lostspace=\dimen144
\lst@width=\dimen145
\lst@newlines=\count278
\lst@lineno=\count279
\lst@maxwidth=\dimen146

(C:\Users\kucem\AppData\Local\Programs\MiKTeX\tex/latex/listings\lstpatch.sty
File: lstpatch.sty 2024/03/11 1.10a (Carsten Heinz)
)
(C:\Users\kucem\AppData\Local\Programs\MiKTeX\tex/latex/listings\lstmisc.sty
File: lstmisc.sty 2024/03/11 1.10a (Carsten Heinz)
\c@lstnumber=\count280
\lst@skipnumbers=\count281
\lst@framebox=\box52
)
(C:\Users\kucem\AppData\Local\Programs\MiKTeX\tex/latex/listings\listings.cfg
File: listings.cfg 2024/03/11 1.10a listings configuration
))
Package: listings 2024/03/11 1.10a (Carsten Heinz)
   defining Unicode char U+202F (decimal 8239)
   defining Unicode char U+02BC (decimal 700)

(C:\Users\kucem\AppData\Local\Programs\MiKTeX\tex/latex/l3backend\l3backend-pdf
tex.def
File: l3backend-pdftex.def 2024-03-14 L3 backend support: PDF output (pdfTeX)
\l__color_backend_stack_int=\count282
\l__pdf_internal_box=\box53
) (protocol.aux)
\openout1 = `protocol.aux'.

LaTeX Font Info:    Checking defaults for OML/cmm/m/it on input line 10.
LaTeX Font Info:    ... okay on input line 10.
LaTeX Font Info:    Checking defaults for OMS/cmsy/m/n on input line 10.
LaTeX Font Info:    ... okay on input line 10.
LaTeX Font Info:    Checking defaults for OT1/cmr/m/n on input line 10.
LaTeX Font Info:    ... okay on input line 10.
LaTeX Font Info:    Checking defaults for T1/cmr/m/n on input line 10.
LaTeX Font Info:    ... okay on input line 10.
LaTeX Font Info:    Checking defaults for TS1/cmr/m/n on input line 10.
LaTeX Font Info:    ... okay on input line 10.
LaTeX Font Info:    Checking defaults for OMX/cmex/m/n on input line 10.
LaTeX Font Info:    ... okay on input line 10.
LaTeX Font Info:    Checking defaults for U/cmr/m/n on input line 10.
LaTeX Font Info:    ... okay on input line 10.

(C:\Users\kucem\AppData\Local\Programs\MiKTeX\tex/context/base/mkii\supp-pdf.mk
ii
[Loading MPS to PDF converter (version 2006.09.02).]
\scratchcounter=\count283
\scratchdimen=\dimen147
\scratchbox=\box54
\nofMPsegments=\count284
\nofMParguments=\count285
\everyMPshowfont=\toks21
\MPscratchCnt=\count286
\MPscratchDim=\dimen148
\MPnumerator=\count287
\makeMPintoPDFobject=\count288
\everyMPtoPDFconversion=\toks22
)
(C:\Users\kucem\AppData\Local\Programs\MiKTeX\tex/latex/epstopdf-pkg\epstopdf-b
ase.sty
Package: epstopdf-base 2020-01-24 v2.11 Base part for package epstopdf
Package epstopdf-base Info: Redefining graphics rule for `.eps' on input line 4
85.

(C:\Users\kucem\AppData\Local\Programs\MiKTeX\tex/latex/00miktex\epstopdf-sys.c
fg
File: epstopdf-sys.cfg 2021/03/18 v2.0 Configuration of epstopdf for MiKTeX
))
\c@lstlisting=\count289
LaTeX Font Info:    External font `cmex10' loaded for size
(Font)              <12> on input line 11.
LaTeX Font Info:    External font `cmex10' loaded for size
(Font)              <8> on input line 11.
LaTeX Font Info:    External font `cmex10' loaded for size
(Font)              <6> on input line 11.


LaTeX Warning: No \author given.

[1

{C:/Users/kucem/AppData/Local/MiKTeX/fonts/map/pdftex/pdftex.map}] [2]
Overfull \hbox (10.41321pt too wide) in paragraph at lines 39--40
\T1/cmr/m/n/10 eu-ropäis-che Auÿen-poli-tik.Deutschland hat aus Mit-teln der wi
rtschaftlichen Zusam-
 []

[3] [4] [5] [6] [7] [8]
Overfull \hbox (4.12308pt too wide) in paragraph at lines 59--60
\T1/cmr/m/n/10 diese Punkte auch bere-its in den Koali-tionsver-hand-lun-gen fe
st-geschrieben.Gerade
 []


Overfull \hbox (6.16425pt too wide) in paragraph at lines 59--60
\T1/cmr/m/n/10 derungsstrate-gie en-twick-eln müssen und dass wir den Ein-satz 
ein-schränken wollen,
 []

[9] [10] [11] [12] [13]
Overfull \hbox (4.9701pt too wide) in paragraph at lines 74--75
\T1/cmr/m/n/10 nicht mit gle-icher In-ten-sität be-trieben wurde und aussteht.D
ie poli-tis-che Bevorzu-
 []

[14] [15] [16] [17] [18] [19] [20] [21] [22] [23] [24] [25] [26] [27] [28]
Overfull \hbox (7.32858pt too wide) in paragraph at lines 114--115
[]\T1/cmr/m/n/10 18. Astrid Grotelüschen (CDU) Meine sehr geehrte Frau Präsi-de
ntin! Verehrte
 []


Overfull \hbox (9.21906pt too wide) in paragraph at lines 114--115
\T1/cmr/m/n/10 Wieder-erstarken der deutschen und der eu-ropäis-chen Wirtschaft
 nach dem Zweiten
 []


Overfull \hbox (23.9701pt too wide) in paragraph at lines 114--115
\T1/cmr/m/n/10 stärken wer-den. Hi-erzu haben wir konkret die Grün-dung der KfW
-Beteiligungstochter
 []

[29] [30] [31] [32] [33] [34] [35] [36] [37] [38] [39] [40] [41]
Overfull \hbox (14.64366pt too wide) in paragraph at lines 159--160
\T1/cmr/m/n/10 Bürokraten angeht: 33 000 Beschäftigte hat die EU-Verwaltung; 38
 000 Beschäftigte
 []

[42] [43] [44] [45] [46] [47] [48] [49] [50] [51] [52] [53] [54] [55] [56]
Overfull \hbox (1.58704pt too wide) in paragraph at lines 214--215
[]\T1/cmr/m/n/10 38. An-nalena Baer-bock (BÜND-NIS 90/DIE GRÜ-NEN) Meine sehr v
erehrten
 []


Overfull \hbox (1.95233pt too wide) in paragraph at lines 214--215
\T1/cmr/m/n/10 Damen und Her-ren! Liebe Kol-le-gen und Kol-legin-nen! Liebe Fra
u Bun-desumwelt-
 []

[57] [58]
Overfull \hbox (3.19275pt too wide) in paragraph at lines 219--220
\T1/cmr/m/n/10 erver-ständi-gung an einer guten, einer gemein-samen Zukunft ar-
beiten wollen.Aber
 []

[59] [60] [61]
Overfull \hbox (19.60541pt too wide) in paragraph at lines 234--235
\T1/cmr/m/n/10 schützt, meine Damen und Her-ren.Daher wer-den wir am Wer-be-ver
-bot für Schwanger-
 []

[62] [63] [64] [65] [66] [67]
Overfull \hbox (13.8198pt too wide) in paragraph at lines 254--255
\T1/cmr/m/n/10 gen! Um es noch ein-mal ganz deut-lich zu sagen: Die CDU/CSU-Bun
destagsfraktion
 []


Overfull \hbox (0.11017pt too wide) in paragraph at lines 254--255
\T1/cmr/m/n/10 Bay-ern zu kom-men.Ich schlieÿe damit die Aussprache.Interfrakti
onell wird Über-
 []

[68] [69] [70] [71] [72] [73] [74] [75] [76] [77] [78] [79] [80] [81] [82]
[83] [84] [85] [86] [87] [88] [89]
Overfull \hbox (0.77557pt too wide) in paragraph at lines 334--335
\T1/cmr/m/n/10 FDP und vere-inzelte Kol-le-gen der AfD. Dage-genges-timmt haben
 Bünd-nis 90/Die
 []


Overfull \hbox (0.83221pt too wide) in paragraph at lines 334--335
\T1/cmr/m/n/10 emp-fiehlt der Auss-chuss die Ablehnung des Antrags der Frak-tio
n Bünd-nis 90/Die
 []

[90] [91] [92] [93] [94]
Overfull \hbox (6.94183pt too wide) in paragraph at lines 354--355
\T1/cmr/m/n/10 semitismus!In der let-zten Tagungswoche des Eu-ropa-parla-ments 
hat der zuständige
 []

[95] [96] [97] [98] [99] [100] [101] [102]
Overfull \hbox (37.00858pt too wide) in paragraph at lines 384--385
\T1/cmr/m/n/10 Her-ren! Ich möchte Ih-nen von einer kleinen Reise berichten.Obw
ohl: Nahverkehrsodyssee
 []

[103] [104] [105] [106] [107] [108] [109] [110] [111] [112] [113] [114]
[115] [116] [117] [118] [119] [120] [121] [122] [123] [124]
Overfull \hbox (15.9674pt too wide) in paragraph at lines 449--450
\T1/cmr/m/n/10 ist das Sym-bol der Un-ter-drück-ung weib-licher Selb-stbes-tim-
mung, ist geschlechtsspez-
 []


Overfull \hbox (1.19788pt too wide) in paragraph at lines 449--450
\T1/cmr/m/n/10 i-fis-che Diskri-m-inierung schlechthin. Sah man ^^U auÿer im kr
im-inellen Geschehen ^^U
 []

[125]
Overfull \hbox (5.42627pt too wide) in paragraph at lines 454--455
[]\T1/cmr/m/n/10 86. Lukas Köh-ler (FDP) Sehr verehrte Frau Präsi-dentin! Meine
 sehr verehrten
 []

[126] [127]
Overfull \hbox (2.54367pt too wide) in paragraph at lines 464--465
\T1/cmr/m/n/10 Damaskus bom-bardiert. UNICEF hat eine fas-sungslose, let-ztlich
 leere Pressemit-
 []

[128] [129] [130] [131] [132] [133] [134]
Overfull \hbox (4.39616pt too wide) in paragraph at lines 489--490
\T1/cmr/m/n/10 gewis-ser-maÿen gle-ich groÿen Her-aus-forderun-gen; denn auch d
ie ökol-o-gis-che Land-
 []


Overfull \hbox (4.02588pt too wide) in paragraph at lines 489--490
\T1/cmr/m/n/10 fall auf den Reben zu ver-mei-den, müssen die Winzer, die Wein-b
auern im Ökoland-
 []

[135] [136] [137] [138] [139]
Overfull \hbox (4.85901pt too wide) in paragraph at lines 509--510
\T1/cmr/m/n/10 meine sehr verehrten Damen und Her-ren, liebe Kol-legin-nen und 
Kol-le-gen, komme,
 []

[140] [141] [142] [143] [144] [145] [146] [147] [148] [149] [150] [151]
[152] [153] [154] [155] [156] [157] [158] [159] [160] [161]
Overfull \hbox (0.30457pt too wide) in paragraph at lines 579--580
\T1/cmr/m/n/10 funk-tion-iert, se-hen Sie an den Er-fol-gen der CDU-geführten B
un-desregierung.Wir
 []


Overfull \hbox (4.33136pt too wide) in paragraph at lines 579--580
\T1/cmr/m/n/10 legin-nen und Kol-le-gen der Linken, schein-heilig.Sie haben es 
in der let-zten Wahlpe-
 []

[162] [163] [164] [165] [166] [167] [168] [169] [170] [171]
Overfull \hbox (9.68192pt too wide) in paragraph at lines 614--615
\T1/cmr/m/n/10 drin-gend die Nachrüs-tung. Wir sind der fes-ten Überzeu-gung: D
ie Bun-desregierung
 []

[172] [173]
Overfull \hbox (3.77853pt too wide) in paragraph at lines 619--620
[]\T1/cmr/m/n/10 119. Stephan Thomae (FDP) Herr Präsi-dent! Verehrte Kol-legin-
nen! Verehrte
 []


Overfull \hbox (3.17886pt too wide) in paragraph at lines 619--620
\T1/cmr/m/n/10 Gieÿen vom 24. Novem-ber let-zten Jahres in der An-gele-gen-heit
 der Ärztin Kristina
 []

[174] [175] [176]
Overfull \hbox (12.84317pt too wide) in paragraph at lines 629--630
\T1/cmr/m/n/10 geschwindigkeit, Ex-eku-tiv-funk-tio-nen und zum ver-balen Gedäc
ht-nis umso schlechter
 []


Overfull \hbox (5.88654pt too wide) in paragraph at lines 629--630
\T1/cmr/m/n/10 Studie ist, dass die Cannabiskon-sumenten bei den Tests auch dan
n noch schlechter
 []

[177] [178]
Overfull \hbox (3.30383pt too wide) in paragraph at lines 639--640
\T1/cmr/m/n/10 Kli-maschutzini-tia-tive der Bun-desregierung, Leibniz--Zentrum 
für Agrar-forschung,
 []

[179] [180] [181] [182] [183] (protocol.aux)
 ***********
LaTeX2e <2023-11-01> patch level 1
L3 programming layer <2024-03-14>
 ***********
 ) 
Here is how much of TeX's memory you used:
 2986 strings out of 474424
 45410 string characters out of 5741739
 1963496 words of memory out of 5000000
 25346 multiletter control sequences out of 15000+600000
 564978 words of font info for 51 fonts, out of 8000000 for 9000
 1141 hyphenation exceptions out of 8191
 57i,6n,65p,19372b,266s stack positions out of 10000i,1000n,20000p,200000b,200000s
 <C:\Users\kucem\AppData\Local\MiKTeX\fonts/pk/ljfour/jknappen/ec/dpi600\ecrm
1000.pk> <C:\Users\kucem\AppData\Local\MiKTeX\fonts/pk/ljfour/jknappen/ec/dpi60
0\tcrm1000.pk> <C:\Users\kucem\AppData\Local\MiKTeX\fonts/pk/ljfour/jknappen/ec
/dpi600\ecbx1440.pk> <C:\Users\kucem\AppData\Local\MiKTeX\fonts/pk/ljfour/jknap
pen/ec/dpi600\ecrm1200.pk> <C:\Users\kucem\AppData\Local\MiKTeX\fonts/pk/ljfour
/jknappen/ec/dpi600\ecrm1728.pk>
Output written on protocol.pdf (183 pages, 673758 bytes).
PDF statistics:
 745 PDF objects out of 1000 (max. 8388607)
 0 named destinations out of 1000 (max. 500000)
 1 words of extra memory for PDF output out of 10000 (max. 10000000)

